==14775== Memcheck, a memory error detector
==14775== Copyright (C) 2002-2010, and GNU GPL'd, by Julian Seward et al.
==14775== Using Valgrind-3.6.0 and LibVEX; rerun with -h for copyright info
==14775== Command: catqueue
==14775== 
return NULL
catqueue: queue.c:42: insert_queue: Assertion `is_queue (queue)' failed.
==14775== 
==14775== HEAP SUMMARY:
==14775==     in use at exit: 51 bytes in 1 blocks
==14775==   total heap usage: 3 allocs, 2 frees, 225 bytes allocated
==14775== 
==14775== LEAK SUMMARY:
==14775==    definitely lost: 0 bytes in 0 blocks
==14775==    indirectly lost: 0 bytes in 0 blocks
==14775==      possibly lost: 0 bytes in 0 blocks
==14775==    still reachable: 51 bytes in 1 blocks
==14775==         suppressed: 0 bytes in 0 blocks
==14775== Reachable blocks (those to which a pointer was found) are not shown.
==14775== To see them, rerun with: --leak-check=full --show-reachable=yes
==14775== 
==14775== For counts of detected and suppressed errors, rerun with: -v
==14775== ERROR SUMMARY: 0 errors from 0 contexts (suppressed: 6 from 6)
