
:::::::::::::::::::::::::::::::::::::::::::::::::::::::::::::::::
log: voidstar.log
:::::::::::::::::::::::::::::::::::::::::::::::::::::::::::::::::

     1	Script  : /afs/cats.ucsc.edu/courses/cmps012b-wm/bin/runprog
     2	limit c :    0 max core file size (KB)
     3	limit f : 4194303 max output file size (KB)
     4	limit t : 4294967295 max CPU time (sec)
     5	stdin   : /dev/null
     6	stdout  : voidstar.out
     7	stderr  : voidstar.err
     8	log     : voidstar.log
     9	listing : voidstar.lis
    10	Command : valgrind --leak-check=full voidstar
    11	starting: pid 26912: 14:59:17.00
    12	finished: pid 26912: 14:59:18.00, real 1.00, user 0.30, sys 0.04
    13	pstatus: 0x0000 EXIT STATUS = 0

:::::::::::::::::::::::::::::::::::::::::::::::::::::::::::::::::
stdin: /dev/null
:::::::::::::::::::::::::::::::::::::::::::::::::::::::::::::::::


:::::::::::::::::::::::::::::::::::::::::::::::::::::::::::::::::
stdout: voidstar.out
:::::::::::::::::::::::::::::::::::::::::::::::::::::::::::::::::

     1	 hello world foo bar baz qux this is a test
     2	 HELLO WORLD FOO BAR BAZ QUX THIS IS A TEST
     3	  6.020e+23  2.870e+02 -4.720e+02  0.000e+00  6.000e-22 1.798e+308
     4	  2.378e+01  2.458e+00        nan       -inf -2.122e+01  3.083e+02

:::::::::::::::::::::::::::::::::::::::::::::::::::::::::::::::::
stderr: voidstar.err
:::::::::::::::::::::::::::::::::::::::::::::::::::::::::::::::::

     1	==26912== Memcheck, a memory error detector
     2	==26912== Copyright (C) 2002-2010, and GNU GPL'd, by Julian Seward et al.
     3	==26912== Using Valgrind-3.6.0 and LibVEX; rerun with -h for copyright info
     4	==26912== Command: voidstar
     5	==26912== 
     6	==26912== 
     7	==26912== HEAP SUMMARY:
     8	==26912==     in use at exit: 0 bytes in 0 blocks
     9	==26912==   total heap usage: 10 allocs, 10 frees, 43 bytes allocated
    10	==26912== 
    11	==26912== All heap blocks were freed -- no leaks are possible
    12	==26912== 
    13	==26912== For counts of detected and suppressed errors, rerun with: -v
    14	==26912== ERROR SUMMARY: 0 errors from 0 contexts (suppressed: 6 from 6)
